Event 67720 Lumis 694 Run 1
Event 67803 Lumis 695 Run 1
Event 81482 Lumis 835 Run 1
Event 9659 Lumis 99 Run 1
Event 9660 Lumis 99 Run 1
Event 19733 Lumis 203 Run 1
Event 19772 Lumis 203 Run 1
Event 19812 Lumis 203 Run 1
Event 36644 Lumis 376 Run 1
Event 36839 Lumis 378 Run 1
Event 30821 Lumis 316 Run 1
Event 30976 Lumis 318 Run 1
Event 32306 Lumis 331 Run 1
Event 35170 Lumis 361 Run 1
Event 35345 Lumis 362 Run 1
Event 59273 Lumis 607 Run 1
Event 59309 Lumis 608 Run 1
Event 68075 Lumis 697 Run 1
Event 68095 Lumis 698 Run 1
Event 70793 Lumis 725 Run 1
Event 70884 Lumis 726 Run 1
Event 10921 Lumis 112 Run 1
Event 101390 Lumis 1039 Run 1
Event 14743 Lumis 151 Run 1
Event 36383 Lumis 373 Run 1
Event 36584 Lumis 375 Run 1
Event 23142 Lumis 237 Run 1
Event 35093 Lumis 360 Run 1
Event 98209 Lumis 1006 Run 1
Event 98257 Lumis 1007 Run 1
Event 98282 Lumis 1007 Run 1
Event 38058 Lumis 390 Run 1
Event 113102 Lumis 1159 Run 1
Event 113300 Lumis 1161 Run 1
Event 131911 Lumis 1351 Run 1
Event 132011 Lumis 1352 Run 1
Event 138339 Lumis 1417 Run 1
Event 142536 Lumis 1460 Run 1
Event 142624 Lumis 1461 Run 1
Event 102025 Lumis 1045 Run 1
Event 131392 Lumis 1346 Run 1
Event 131458 Lumis 1346 Run 1
Event 154562 Lumis 1583 Run 1
Event 121633 Lumis 1246 Run 1
Event 133851 Lumis 1371 Run 1
Event 134074 Lumis 1373 Run 1
Event 143531 Lumis 1470 Run 1
Event 171687 Lumis 1758 Run 1
Event 149929 Lumis 1536 Run 1
Event 158197 Lumis 1620 Run 1
Event 166815 Lumis 1708 Run 1
Event 1013 Lumis 11 Run 1
Event 2519 Lumis 26 Run 1
Event 41126 Lumis 422 Run 1
Event 41912 Lumis 430 Run 1
Event 161052 Lumis 1649 Run 1
Event 81723 Lumis 837 Run 1
Event 165512 Lumis 1695 Run 1
Event 166675 Lumis 1707 Run 1
Event 166714 Lumis 1707 Run 1
Event 156825 Lumis 1606 Run 1
Event 329 Lumis 4 Run 1
Event 20408 Lumis 209 Run 1
Event 72484 Lumis 743 Run 1
Event 114633 Lumis 1174 Run 1
Event 96896 Lumis 993 Run 1
Event 104470 Lumis 1070 Run 1
Event 104547 Lumis 1071 Run 1
Event 106211 Lumis 1088 Run 1
Event 106936 Lumis 1095 Run 1
Event 143194 Lumis 1467 Run 1
Event 100923 Lumis 1034 Run 1
Event 101910 Lumis 1044 Run 1
Event 101927 Lumis 1044 Run 1
Event 125495 Lumis 1285 Run 1
Event 141268 Lumis 1447 Run 1
Event 1552 Lumis 16 Run 1
Event 1610 Lumis 17 Run 1
Event 1748 Lumis 18 Run 1
Event 9334 Lumis 96 Run 1
Event 9364 Lumis 96 Run 1
Event 23607 Lumis 242 Run 1
Event 23619 Lumis 242 Run 1
Event 51223 Lumis 525 Run 1
Event 78563 Lumis 805 Run 1
Event 114092 Lumis 1169 Run 1
Event 159533 Lumis 1634 Run 1
Event 152784 Lumis 1565 Run 1
Event 175920 Lumis 1802 Run 1
Event 63907 Lumis 655 Run 1
Event 63947 Lumis 655 Run 1
Event 41719 Lumis 428 Run 1
Event 56074 Lumis 575 Run 1
Event 120781 Lumis 1237 Run 1
Event 2180 Lumis 23 Run 1
Event 2195 Lumis 23 Run 1
Event 63396 Lumis 650 Run 1
Event 155109 Lumis 1589 Run 1
Event 90822 Lumis 930 Run 1
Event 141995 Lumis 1454 Run 1
Event 137405 Lumis 1407 Run 1
Event 143675 Lumis 1472 Run 1
Event 143777 Lumis 1473 Run 1
Event 3152 Lumis 33 Run 1
Event 100156 Lumis 1026 Run 1
Event 100190 Lumis 1026 Run 1
Event 44899 Lumis 460 Run 1
Event 31656 Lumis 325 Run 1
Event 89613 Lumis 918 Run 1
Event 98636 Lumis 1010 Run 1
Event 5307 Lumis 55 Run 1
Event 5468 Lumis 56 Run 1
Event 33375 Lumis 342 Run 1
Event 56027 Lumis 574 Run 1
Event 49847 Lumis 511 Run 1
Event 50550 Lumis 518 Run 1
Event 50561 Lumis 518 Run 1
Event 91948 Lumis 942 Run 1
Event 93967 Lumis 963 Run 1
Event 108231 Lumis 1109 Run 1
Event 116699 Lumis 1195 Run 1
Event 49470 Lumis 507 Run 1
Event 53588 Lumis 549 Run 1
Event 53601 Lumis 549 Run 1
Event 109450 Lumis 1121 Run 1
Event 147474 Lumis 1510 Run 1
Event 160419 Lumis 1643 Run 1
Event 169587 Lumis 1737 Run 1
Event 124982 Lumis 1280 Run 1
Event 119766 Lumis 1227 Run 1
Event 130771 Lumis 1339 Run 1
Event 156573 Lumis 1604 Run 1
Event 162912 Lumis 1669 Run 1
Event 163108 Lumis 1670 Run 1
Event 8207 Lumis 85 Run 1
Event 8246 Lumis 85 Run 1
Event 10009 Lumis 103 Run 1
Event 35864 Lumis 368 Run 1
Event 37634 Lumis 386 Run 1
Event 46942 Lumis 481 Run 1
Event 46954 Lumis 481 Run 1
Event 107885 Lumis 1105 Run 1
Event 57862 Lumis 593 Run 1
Event 58317 Lumis 598 Run 1
Event 58373 Lumis 598 Run 1
Event 131037 Lumis 1342 Run 1
Event 8917 Lumis 92 Run 1
Event 10272 Lumis 106 Run 1
Event 10542 Lumis 108 Run 1
Event 14417 Lumis 148 Run 1
Event 36147 Lumis 371 Run 1
Event 74299 Lumis 761 Run 1
Event 74376 Lumis 762 Run 1
Event 74404 Lumis 762 Run 1
Event 43700 Lumis 448 Run 1
Event 59849 Lumis 613 Run 1
Event 53780 Lumis 551 Run 1
Event 91878 Lumis 941 Run 1
Event 91893 Lumis 941 Run 1
Event 118093 Lumis 1210 Run 1
Event 118222 Lumis 1211 Run 1
Event 12238 Lumis 126 Run 1
Event 16196 Lumis 166 Run 1
Event 18021 Lumis 185 Run 1
Event 18083 Lumis 186 Run 1
Event 17758 Lumis 182 Run 1
Event 20760 Lumis 213 Run 1
Event 82258 Lumis 843 Run 1
Event 86044 Lumis 881 Run 1
Event 90204 Lumis 924 Run 1
Event 99018 Lumis 1014 Run 1
Event 99908 Lumis 1023 Run 1
Event 13807 Lumis 142 Run 1
Event 13937 Lumis 143 Run 1
Event 45661 Lumis 468 Run 1
Event 48257 Lumis 495 Run 1
Event 76906 Lumis 788 Run 1
Event 77002 Lumis 789 Run 1
Event 92184 Lumis 944 Run 1
Event 112152 Lumis 1149 Run 1
Event 36999 Lumis 379 Run 1
Event 30140 Lumis 309 Run 1
Event 32774 Lumis 336 Run 1
Event 32963 Lumis 338 Run 1
Event 44116 Lumis 452 Run 1
Event 44203 Lumis 453 Run 1
Event 61952 Lumis 635 Run 1
Event 45322 Lumis 464 Run 1
Event 46045 Lumis 472 Run 1
Event 46766 Lumis 479 Run 1
Event 112686 Lumis 1154 Run 1
Event 112886 Lumis 1156 Run 1
Event 129798 Lumis 1329 Run 1
Event 170956 Lumis 1751 Run 1
Event 171009 Lumis 1751 Run 1
Event 112930 Lumis 1157 Run 1
Event 115224 Lumis 1180 Run 1
Event 127706 Lumis 1308 Run 1
Event 134367 Lumis 1376 Run 1
Event 141166 Lumis 1446 Run 1
Event 151590 Lumis 1553 Run 1
Event 154870 Lumis 1586 Run 1
Event 170812 Lumis 1749 Run 1
Event 169203 Lumis 1733 Run 1
Event 190123 Lumis 1947 Run 1
Event 190675 Lumis 1953 Run 1
Event 190920 Lumis 1955 Run 1
Event 192422 Lumis 1971 Run 1
Event 194082 Lumis 1988 Run 1
Event 194120 Lumis 1988 Run 1
Event 24649 Lumis 253 Run 1
Event 108428 Lumis 1111 Run 1
Event 38513 Lumis 395 Run 1
Event 38589 Lumis 396 Run 1
Event 40434 Lumis 414 Run 1
Event 66343 Lumis 680 Run 1
Event 66510 Lumis 681 Run 1
Event 83281 Lumis 853 Run 1
Event 72259 Lumis 740 Run 1
Event 72348 Lumis 741 Run 1
Event 84331 Lumis 864 Run 1
Event 84354 Lumis 864 Run 1
Event 97707 Lumis 1001 Run 1
Event 97845 Lumis 1002 Run 1
Event 106517 Lumis 1091 Run 1
Event 25981 Lumis 266 Run 1
Event 26344 Lumis 270 Run 1
Event 28918 Lumis 297 Run 1
Event 55891 Lumis 573 Run 1
Event 55938 Lumis 573 Run 1
Event 62865 Lumis 644 Run 1
Event 71525 Lumis 733 Run 1
Event 62580 Lumis 641 Run 1
Event 62613 Lumis 642 Run 1
Event 69596 Lumis 713 Run 1
Event 91463 Lumis 937 Run 1
Event 91517 Lumis 938 Run 1
Event 4917 Lumis 51 Run 1
Event 4973 Lumis 51 Run 1
Event 6532 Lumis 67 Run 1
Event 5008 Lumis 52 Run 1
Event 21318 Lumis 219 Run 1
Event 29843 Lumis 306 Run 1
Event 31131 Lumis 319 Run 1
Event 31253 Lumis 320 Run 1
Event 65949 Lumis 676 Run 1
Event 56573 Lumis 580 Run 1
Event 56670 Lumis 581 Run 1
Event 59510 Lumis 610 Run 1
Event 16431 Lumis 169 Run 1
Event 16768 Lumis 172 Run 1
Event 92703 Lumis 950 Run 1
Event 92833 Lumis 951 Run 1
Event 83696 Lumis 857 Run 1
Event 83818 Lumis 859 Run 1
Event 83834 Lumis 859 Run 1
Event 85139 Lumis 872 Run 1
Event 127985 Lumis 1311 Run 1
Event 128425 Lumis 1315 Run 1
Event 128908 Lumis 1320 Run 1
Event 67113 Lumis 688 Run 1
Event 67155 Lumis 688 Run 1
Event 67221 Lumis 689 Run 1
Event 148585 Lumis 1522 Run 1
Event 61773 Lumis 633 Run 1
Event 75526 Lumis 774 Run 1
Event 75984 Lumis 778 Run 1
Event 96587 Lumis 989 Run 1
Event 112230 Lumis 1150 Run 1
Event 112291 Lumis 1150 Run 1
Event 139011 Lumis 1424 Run 1
Event 5626 Lumis 58 Run 1
Event 5635 Lumis 58 Run 1
Event 12904 Lumis 133 Run 1
Event 12930 Lumis 133 Run 1
Event 25191 Lumis 258 Run 1
Event 27820 Lumis 285 Run 1
Event 38694 Lumis 397 Run 1
Event 38914 Lumis 399 Run 1
Event 42748 Lumis 438 Run 1
Event 62150 Lumis 637 Run 1
Event 70288 Lumis 720 Run 1
Event 84454 Lumis 865 Run 1
Event 84599 Lumis 867 Run 1
Event 84738 Lumis 868 Run 1
Event 76341 Lumis 782 Run 1
Event 76394 Lumis 783 Run 1
Event 11924 Lumis 123 Run 1
Event 49560 Lumis 508 Run 1
Event 49568 Lumis 508 Run 1
Event 49592 Lumis 508 Run 1
Event 49713 Lumis 509 Run 1
Event 55497 Lumis 569 Run 1
Event 103725 Lumis 1063 Run 1
Event 65250 Lumis 669 Run 1
Event 65251 Lumis 669 Run 1
Event 66796 Lumis 684 Run 1
Event 68901 Lumis 706 Run 1
Event 114905 Lumis 1177 Run 1
Event 115069 Lumis 1179 Run 1
Event 122008 Lumis 1250 Run 1
Event 125145 Lumis 1282 Run 1
Event 126413 Lumis 1295 Run 1
Event 126470 Lumis 1295 Run 1
Event 6247 Lumis 64 Run 1
Event 16025 Lumis 165 Run 1
Event 53677 Lumis 550 Run 1
Event 73286 Lumis 751 Run 1
Event 73438 Lumis 752 Run 1
Event 73439 Lumis 752 Run 1
Event 50801 Lumis 521 Run 1
Event 54429 Lumis 558 Run 1
Event 137470 Lumis 1408 Run 1
Event 98012 Lumis 1004 Run 1
Event 80934 Lumis 829 Run 1
Event 80959 Lumis 829 Run 1
Event 104850 Lumis 1074 Run 1
Event 104972 Lumis 1075 Run 1
Event 141560 Lumis 1450 Run 1
Event 141622 Lumis 1451 Run 1
Event 143949 Lumis 1474 Run 1
Event 143976 Lumis 1475 Run 1
Event 145778 Lumis 1493 Run 1
Event 43166 Lumis 442 Run 1
Event 173185 Lumis 1774 Run 1
Event 132301 Lumis 1355 Run 1
Event 132451 Lumis 1357 Run 1
Event 153163 Lumis 1569 Run 1
Event 151253 Lumis 1549 Run 1
Event 168926 Lumis 1730 Run 1
Event 174828 Lumis 1790 Run 1
Event 17316 Lumis 178 Run 1
Event 13592 Lumis 140 Run 1
Event 13738 Lumis 141 Run 1
Event 13765 Lumis 141 Run 1
Event 30709 Lumis 315 Run 1
Event 30744 Lumis 315 Run 1
Event 34258 Lumis 351 Run 1
Event 58064 Lumis 595 Run 1
Event 75608 Lumis 775 Run 1
Event 105725 Lumis 1083 Run 1
Event 139697 Lumis 1431 Run 1
Event 139766 Lumis 1432 Run 1
Event 130363 Lumis 1335 Run 1
Event 99090 Lumis 1015 Run 1
Event 94172 Lumis 965 Run 1
Event 94271 Lumis 966 Run 1
Event 168436 Lumis 1725 Run 1
Event 168700 Lumis 1728 Run 1
Event 180409 Lumis 1848 Run 1
Event 181965 Lumis 1864 Run 1
Event 123394 Lumis 1264 Run 1
Event 158464 Lumis 1623 Run 1
Event 158472 Lumis 1623 Run 1
Event 162237 Lumis 1662 Run 1
Event 163569 Lumis 1675 Run 1
Event 164293 Lumis 1683 Run 1
Event 164363 Lumis 1683 Run 1
Event 187990 Lumis 1925 Run 1
Event 133297 Lumis 1365 Run 1
Event 136826 Lumis 1401 Run 1
Event 136829 Lumis 1401 Run 1
Event 150021 Lumis 1537 Run 1
Event 137756 Lumis 1411 Run 1
Event 171239 Lumis 1754 Run 1
Event 188154 Lumis 1927 Run 1
Event 188344 Lumis 1929 Run 1
Event 174391 Lumis 1786 Run 1
Event 152139 Lumis 1558 Run 1
Event 191518 Lumis 1961 Run 1
Event 195505 Lumis 2002 Run 1
Event 155584 Lumis 1594 Run 1
Event 155712 Lumis 1595 Run 1
Event 144973 Lumis 1485 Run 1
Event 167379 Lumis 1714 Run 1
Event 148262 Lumis 1519 Run 1
Event 150311 Lumis 1540 Run 1
Event 155524 Lumis 1593 Run 1
Event 147757 Lumis 1513 Run 1
Event 159957 Lumis 1638 Run 1
Event 177302 Lumis 1816 Run 1
Event 181268 Lumis 1856 Run 1
Event 181358 Lumis 1857 Run 1
Event 170131 Lumis 1742 Run 1
Event 190769 Lumis 1954 Run 1
Event 190795 Lumis 1954 Run 1
Event 157786 Lumis 1616 Run 1
Event 195905 Lumis 2006 Run 1
Event 195937 Lumis 2007 Run 1
Event 197900 Lumis 2027 Run 1
Event 198126 Lumis 2029 Run 1
Event 198227 Lumis 2030 Run 1
Event 198264 Lumis 2030 Run 1
Event 195342 Lumis 2001 Run 1
Event 196340 Lumis 2011 Run 1
Event 164983 Lumis 1690 Run 1
Event 165243 Lumis 1692 Run 1
Event 165939 Lumis 1700 Run 1
Event 166124 Lumis 1701 Run 1
Event 194351 Lumis 1990 Run 1
Event 172942 Lumis 1771 Run 1
Event 173998 Lumis 1782 Run 1
Event 175278 Lumis 1795 Run 1
Event 175307 Lumis 1795 Run 1
Event 175356 Lumis 1796 Run 1
Event 175400 Lumis 1796 Run 1
Event 175465 Lumis 1797 Run 1
Event 172455 Lumis 1766 Run 1
Event 186443 Lumis 1909 Run 1
Event 183335 Lumis 1878 Run 1
Event 184527 Lumis 1890 Run 1
Event 184678 Lumis 1891 Run 1
Event 186799 Lumis 1913 Run 1
Event 186894 Lumis 1914 Run 1
Event 199009 Lumis 2038 Run 1
Event 194964 Lumis 1997 Run 1
Event 198477 Lumis 2033 Run 1
Event 199972 Lumis 2048 Run 1
