Events Processed: 199735
Cut:   2       418     0.002     1.000
Cut:   3       418     1.000     1.000
Cut:   4       418     1.000     1.000
Cut:   5       372     0.890     0.890
Cut:   6       372     1.000     0.890
Cut:   7       372     1.000     0.890
Cut:   8       372     1.000     0.890
Cut:   9       372     1.000     0.890
Cut:  10       372     1.000     0.890
Cut:  11       372     1.000     0.890
Cut:  12       371     0.997     0.888
Cut:  13       361     0.973     0.864
Cut:  14       346     0.958     0.828
Cut:  15        66     0.191     0.158
Cut:  16        65     0.985     0.156
Cut:  17        65     1.000     0.156
Cut:  18         0     0.000     0.000
Cut:  19         0     0.000     0.000
Cut:  20         0     0.000     0.000
Cut:  21         0     0.000     0.000
Cut:  22         0     0.000     0.000
Cut:  23         0     0.000     0.000
Cut:  24         0     0.000     0.000
Cut:  25         0     0.000     0.000
Cut:  26         0     0.000     0.000
Cut:  27         0     0.000     0.000
Cut:  28        65     0.000     0.156
Cut:  29        65     1.000     0.156
Cut:  30        65     1.000     0.156
Cut:  31        65     1.000     0.156
