Events Processed: 199735
Cut:   2      1999     0.010     1.000
Cut:   3      1999     1.000     1.000
Cut:   4      1999     1.000     1.000
Cut:   5       539     0.270     0.270
Cut:   6       527     0.978     0.264
Cut:   7       524     0.994     0.262
Cut:   8       524     1.000     0.262
Cut:   9       524     1.000     0.262
Cut:  10       524     1.000     0.262
Cut:  11       524     1.000     0.262
Cut:  12       512     0.977     0.256
Cut:  13       504     0.984     0.252
Cut:  14       473     0.938     0.237
Cut:  15       473     1.000     0.237
Cut:  16       362     0.765     0.181
Cut:  17       339     0.936     0.170
Cut:  18       339     1.000     0.170
Cut:  19       270     0.796     0.135
Cut:  20       266     0.985     0.133
Cut:  21       246     0.925     0.123
Cut:  22       245     0.996     0.123
Cut:  23       195     0.796     0.098
Cut:  24       195     1.000     0.098
Cut:  25       195     1.000     0.098
Cut:  26        96     0.492     0.048
Cut:  27        88     0.917     0.044
Cut:  28        88     1.000     0.044
Cut:  29        41     0.466     0.021
Cut:  30        38     0.927     0.019
Cut:  31        33     0.868     0.017
Cut:  32        33     1.000     0.017
Cut:  33        20     0.606     0.010
Cut:  34        20     1.000     0.010
Cut:  35        20     1.000     0.010
Cut:  36        20     1.000     0.010
Cut:  37        20     1.000     0.010
Cut:  38        20     1.000     0.010
Cut:  39        20     1.000     0.010
Cut:  40        20     1.000     0.010
Cut:  41        20     1.000     0.010
Cut:  42        16     0.800     0.008
Cut:  43        16     1.000     0.008
Cut:  44        16     1.000     0.008
Cut:  45         0     0.000     0.000
Cut:  46         0     0.000     0.000
Cut:  47         0     0.000     0.000
Cut:  48         0     0.000     0.000
Cut:  49         0     0.000     0.000
Cut:  50         0     0.000     0.000
Cut:  51         0     0.000     0.000
