Events Processed: 908523
Cut:   2    908523     1.000     1.000
Cut:   3    908523     1.000     1.000
Cut:   4    908523     1.000     1.000
Cut:   5    445780     0.491     0.491
Cut:   6    439664     0.986     0.484
Cut:   7    437219     0.994     0.481
Cut:   8    437219     1.000     0.481
Cut:   9    437093     1.000     0.481
Cut:  10    436713     0.999     0.481
Cut:  11    436713     1.000     0.481
Cut:  12    436266     0.999     0.480
Cut:  13    432206     0.991     0.476
Cut:  14    410012     0.949     0.451
Cut:  15    410012     1.000     0.451
Cut:  16    410012     1.000     0.451
Cut:  17    410012     1.000     0.451
Cut:  18    410012     1.000     0.451
Cut:  19    368156     0.898     0.405
Cut:  20    347469     0.944     0.382
Cut:  21    318860     0.918     0.351
Cut:  22    288473     0.905     0.318
Cut:  23    182677     0.633     0.201
Cut:  24    182677     1.000     0.201
Cut:  25    182677     1.000     0.201
Cut:  26     29666     0.162     0.033
Cut:  27     23958     0.808     0.026
Cut:  28     23958     1.000     0.026
Cut:  29     22928     0.957     0.025
Cut:  30     20904     0.912     0.023
Cut:  31     17950     0.859     0.020
Cut:  32     16924     0.943     0.019
Cut:  33     10452     0.618     0.012
Cut:  34     10452     1.000     0.012
Cut:  35      9837     0.941     0.011
Cut:  36      9830     0.999     0.011
Cut:  37      9827     1.000     0.011
Cut:  38      9794     0.997     0.011
Cut:  39      9794     1.000     0.011
Cut:  40      9794     1.000     0.011
Cut:  41      9794     1.000     0.011
Cut:  42      8094     0.826     0.009
Cut:  43      8094     1.000     0.009
Cut:  44      8094     1.000     0.009
Cut:  45         0     0.000     0.000
Cut:  46         0     0.000     0.000
Cut:  47         0     0.000     0.000
Cut:  48         0     0.000     0.000
Cut:  49         0     0.000     0.000
Cut:  50         0     0.000     0.000
Cut:  51         0     0.000     0.000
